AR-test/vuforia-sdk-android-6-2-10/samples/VuforiaSamples-6-2-10 (3)/app/build/outputs/logs/manifest-merger-debug-report.txt
-- Merging decision tree log ---
manifest
ADDED from src\main\AndroidManifest.xml:2:1-126:12
INJECTED from src\main\AndroidManifest.xml:2:1-126:12
INJECTED from src\main\AndroidManifest.xml:2:1-126:12
INJECTED from src\main\AndroidManifest.xml:2:1-126:12
INJECTED from src\main\AndroidManifest.xml:2:1-126:12
INJECTED from src\main\AndroidManifest.xml:2:1-126:12
INJECTED from src\main\AndroidManifest.xml:2:1-126:12
	package
		ADDED from src\main\AndroidManifest.xml:3:5-49
		INJECTED from src\main\AndroidManifest.xml
		INJECTED from src\main\AndroidManifest.xml
	android:versionName
		ADDED from src\main\AndroidManifest.xml:5:5-30
		INJECTED from src\main\AndroidManifest.xml
		INJECTED from src\main\AndroidManifest.xml
	xmlns:android
		ADDED from src\main\AndroidManifest.xml:2:11-69
	android:versionCode
		ADDED from src\main\AndroidManifest.xml:4:5-30
		INJECTED from src\main\AndroidManifest.xml
		INJECTED from src\main\AndroidManifest.xml
uses-sdk
ADDED from src\main\AndroidManifest.xml:7:5-74
INJECTED from src\main\AndroidManifest.xml:7:5-74
INJECTED from src\main\AndroidManifest.xml:7:5-74
INJECTED from src\main\AndroidManifest.xml:7:5-74
INJECTED from src\main\AndroidManifest.xml:7:5-74
	android:targetSdkVersion
		ADDED from src\main\AndroidManifest.xml:7:42-71
		INJECTED from src\main\AndroidManifest.xml
		INJECTED from src\main\AndroidManifest.xml
	android:minSdkVersion
		ADDED from src\main\AndroidManifest.xml:7:15-41
		INJECTED from src\main\AndroidManifest.xml
		INJECTED from src\main\AndroidManifest.xml
uses-feature#0x00020000
ADDED from src\main\AndroidManifest.xml:8:5-54
	android:glEsVersion
		ADDED from src\main\AndroidManifest.xml:8:19-51
uses-feature#android.hardware.camera
ADDED from src\main\AndroidManifest.xml:9:5-60
	android:name
		ADDED from src\main\AndroidManifest.xml:9:19-57
uses-permission#android.permission.CAMERA
ADDED from src\main\AndroidManifest.xml:10:5-65
	android:name
		ADDED from src\main\AndroidManifest.xml:10:22-62
uses-permission#android.permission.INTERNET
ADDED from src\main\AndroidManifest.xml:11:5-66
	android:name
		ADDED from src\main\AndroidManifest.xml:11:22-64
uses-permission#android.permission.ACCESS_NETWORK_STATE
ADDED from src\main\AndroidManifest.xml:12:5-79
	android:name
		ADDED from src\main\AndroidManifest.xml:12:22-76
uses-permission#android.permission.READ_EXTERNAL_STORAGE
ADDED from src\main\AndroidManifest.xml:13:5-79
	android:name
		ADDED from src\main\AndroidManifest.xml:13:22-77
application
ADDED from src\main\AndroidManifest.xml:15:5-124:19
	android:label
		ADDED from src\main\AndroidManifest.xml:17:9-41
	android:launchMode
		ADDED from src\main\AndroidManifest.xml:19:9-40
	android:icon
		ADDED from src\main\AndroidManifest.xml:16:9-38
	android:allowBackup
		ADDED from src\main\AndroidManifest.xml:20:9-35
	android:description
		ADDED from src\main\AndroidManifest.xml:18:9-54
	android:theme
		ADDED from src\main\AndroidManifest.xml:21:9-47
activity#com.vuforia.samples.VuforiaSamples.ui.ActivityList.ActivitySplashScreen
ADDED from src\main\AndroidManifest.xml:24:10-35:21
	android:screenOrientation
		ADDED from src\main\AndroidManifest.xml:27:13-49
	android:noHistory
		ADDED from src\main\AndroidManifest.xml:28:13-37
	android:configChanges
		ADDED from src\main\AndroidManifest.xml:26:13-93
	android:name
		ADDED from src\main\AndroidManifest.xml:25:13-65
intent-filter#android.intent.action.MAIN+android.intent.category.LAUNCHER
ADDED from src\main\AndroidManifest.xml:30:13-34:29
action#android.intent.action.MAIN
ADDED from src\main\AndroidManifest.xml:31:17-69
	android:name
		ADDED from src\main\AndroidManifest.xml:31:25-66
category#android.intent.category.LAUNCHER
ADDED from src\main\AndroidManifest.xml:33:17-77
	android:name
		ADDED from src\main\AndroidManifest.xml:33:27-74
activity#com.vuforia.samples.VuforiaSamples.ui.ActivityList.ActivityLauncher
ADDED from src\main\AndroidManifest.xml:37:9-42:20
	android:screenOrientation
		ADDED from src\main\AndroidManifest.xml:40:13-49
	android:configChanges
		ADDED from src\main\AndroidManifest.xml:39:13-93
	android:name
		ADDED from src\main\AndroidManifest.xml:38:13-61
activity#com.vuforia.samples.VuforiaSamples.ui.ActivityList.AboutScreen
ADDED from src\main\AndroidManifest.xml:44:10-50:20
	android:screenOrientation
		ADDED from src\main\AndroidManifest.xml:47:13-49
	android:noHistory
		ADDED from src\main\AndroidManifest.xml:48:13-37
	android:configChanges
		ADDED from src\main\AndroidManifest.xml:46:13-93
	android:name
		ADDED from src\main\AndroidManifest.xml:45:13-56
activity#com.vuforia.samples.VuforiaSamples.app.ImageTargets.ImageTargets
ADDED from src\main\AndroidManifest.xml:52:9-58:20
	android:launchMode
		ADDED from src\main\AndroidManifest.xml:56:13-44
	android:configChanges
		ADDED from src\main\AndroidManifest.xml:54:13-93
	android:theme
		ADDED from src\main\AndroidManifest.xml:55:13-51
	android:name
		ADDED from src\main\AndroidManifest.xml:53:13-58
activity#com.vuforia.samples.VuforiaSamples.app.VuMark.VuMark
ADDED from src\main\AndroidManifest.xml:60:9-66:20
	android:launchMode
		ADDED from src\main\AndroidManifest.xml:64:13-44
	android:configChanges
		ADDED from src\main\AndroidManifest.xml:62:13-93
	android:theme
		ADDED from src\main\AndroidManifest.xml:63:13-51
	android:name
		ADDED from src\main\AndroidManifest.xml:61:13-46
activity#com.vuforia.samples.VuforiaSamples.app.TextRecognition.TextReco
ADDED from src\main\AndroidManifest.xml:68:9-74:20
	android:launchMode
		ADDED from src\main\AndroidManifest.xml:72:13-44
	android:configChanges
		ADDED from src\main\AndroidManifest.xml:70:13-93
	android:theme
		ADDED from src\main\AndroidManifest.xml:71:13-51
	android:name
		ADDED from src\main\AndroidManifest.xml:69:13-57
activity#com.vuforia.samples.VuforiaSamples.app.CylinderTargets.CylinderTargets
ADDED from src\main\AndroidManifest.xml:76:9-82:20
	android:launchMode
		ADDED from src\main\AndroidManifest.xml:80:13-44
	android:configChanges
		ADDED from src\main\AndroidManifest.xml:78:13-93
	android:theme
		ADDED from src\main\AndroidManifest.xml:79:13-51
	android:name
		ADDED from src\main\AndroidManifest.xml:77:13-64
activity#com.vuforia.samples.VuforiaSamples.app.VirtualButtons.VirtualButtons
ADDED from src\main\AndroidManifest.xml:84:9-90:20
	android:launchMode
		ADDED from src\main\AndroidManifest.xml:88:13-44
	android:configChanges
		ADDED from src\main\AndroidManifest.xml:86:13-93
	android:theme
		ADDED from src\main\AndroidManifest.xml:87:13-51
	android:name
		ADDED from src\main\AndroidManifest.xml:85:13-62
activity#com.vuforia.samples.VuforiaSamples.app.UserDefinedTargets.UserDefinedTargets
ADDED from src\main\AndroidManifest.xml:92:9-98:20
	android:launchMode
		ADDED from src\main\AndroidManifest.xml:96:13-44
	android:configChanges
		ADDED from src\main\AndroidManifest.xml:94:13-93
	android:theme
		ADDED from src\main\AndroidManifest.xml:95:13-51
	android:name
		ADDED from src\main\AndroidManifest.xml:93:13-70
activity#com.vuforia.samples.VuforiaSamples.app.MultiTargets.MultiTargets
ADDED from src\main\AndroidManifest.xml:100:9-106:20
	android:launchMode
		ADDED from src\main\AndroidManifest.xml:104:13-44
	android:configChanges
		ADDED from src\main\AndroidManifest.xml:102:13-93
	android:theme
		ADDED from src\main\AndroidManifest.xml:103:13-51
	android:name
		ADDED from src\main\AndroidManifest.xml:101:13-58
activity#com.vuforia.samples.VuforiaSamples.app.CloudRecognition.CloudReco
ADDED from src\main\AndroidManifest.xml:108:9-114:20
	android:launchMode
		ADDED from src\main\AndroidManifest.xml:112:13-44
	android:configChanges
		ADDED from src\main\AndroidManifest.xml:110:13-93
	android:theme
		ADDED from src\main\AndroidManifest.xml:111:13-51
	android:name
		ADDED from src\main\AndroidManifest.xml:109:13-59
activity#com.vuforia.samples.VuforiaSamples.app.ObjectRecognition.ObjectTargets
ADDED from src\main\AndroidManifest.xml:116:9-122:20
	android:launchMode
		ADDED from src\main\AndroidManifest.xml:120:13-44
	android:configChanges
		ADDED from src\main\AndroidManifest.xml:118:13-93
	android:theme
		ADDED from src\main\AndroidManifest.xml:119:13-51
	android:name
		ADDED from src\main\AndroidManifest.xml:117:13-64